<?xml version="1.0" encoding="UTF-8"?>
<!-- Generated by org.testng.reporters.JUnitReportReporter -->
<testsuite skipped="0" hostname="lakrajas" name="com.leafBot.testcases.TC001_LoginLogOut" tests="3" failures="0" timestamp="01 Feb 2020 05:57:58 GMT" time="38.672" errors="0">
  <testcase name="createLeaf" time="13.777" classname="com.leafBot.testcases.TC001_LoginLogOut"/>
  <testcase name="createLeaf" time="12.379" classname="com.leafBot.testcases.TC001_LoginLogOut"/>
  <testcase name="createLeaf" time="12.516" classname="com.leafBot.testcases.TC001_LoginLogOut"/>
</testsuite> <!-- com.leafBot.testcases.TC001_LoginLogOut -->
